2016-03-29 20:43:52,271 INFO application.py application [at 59 line] Starting Application
2016-03-29 20:43:53,700 INFO application.py application [at 59 line] Starting Application
2016-03-29 21:14:54,372 INFO application.py application [at 59 line] Starting Application
2016-03-29 21:19:54,547 INFO application.py application [at 59 line] Starting Application
2016-03-29 21:21:14,047 INFO application.py application [at 59 line] Starting Application
2016-03-29 21:21:15,641 INFO application.py application [at 59 line] Starting Application
2016-03-29 21:38:05,888 INFO application.py application [at 59 line] Starting Application
2016-03-29 21:38:15,592 INFO application.py application [at 59 line] Starting Application
2016-03-29 21:41:12,325 DEBUG addonpy.py addonpy [at 535 line] Trying to read addonpy config for this project from 'addon-loader.info'
2016-03-29 21:41:12,517 DEBUG addonpy.py addonpy [at 535 line] addon-loader.info file not found/not proper, loading pre-configured addon config
2016-03-29 21:41:12,518 DEBUG addonpy.py addonpy [at 535 line] Recursive addon search is: Off
2016-03-29 21:41:12,518 DEBUG addonpy.py addonpy [at 535 line] Lazy load mode is: Off
2016-03-29 21:41:12,552 WARNING addonpy.py addonpy [at 537 line] Overwriting 'required_functions' with list specified by user
2016-03-29 21:41:12,552 DEBUG addonpy.py addonpy [at 535 line] Searching '/home/ninad/PycharmProjects/zual/dashboard_mods' for addons with extension .info...
2016-03-29 21:41:12,575 DEBUG addonpy.py addonpy [at 535 line] > Addon file '/home/ninad/PycharmProjects/zual/dashboard_mods/ServerAddon.info' found...
2016-03-29 21:41:13,272 DEBUG addonpy.py addonpy [at 535 line] addon loaded: 'ServerAddon'
2016-03-29 21:41:13,273 DEBUG addonpy.py addonpy [at 535 line] > Addon file '/home/ninad/PycharmProjects/zual/dashboard_mods/RedisAddon.info' found...
2016-03-29 21:41:13,372 DEBUG addonpy.py addonpy [at 535 line] addon loaded: 'RedisAddon'
2016-03-29 21:41:13,373 DEBUG addonpy.py addonpy [at 535 line] > Addon file '/home/ninad/PycharmProjects/zual/dashboard_mods/SiteStatsAddon.info' found...
2016-03-29 21:41:13,381 DEBUG addonpy.py addonpy [at 535 line] addon loaded: 'SiteStatsAddon'
2016-03-29 21:41:13,382 DEBUG addonpy.py addonpy [at 535 line] Validating addon: 'ServerAddon'
2016-03-29 21:41:13,382 DEBUG addonpy.py addonpy [at 535 line] Passed...
2016-03-29 21:41:13,383 DEBUG addonpy.py addonpy [at 535 line] Validating addon: 'RedisAddon'
2016-03-29 21:41:13,383 DEBUG addonpy.py addonpy [at 535 line] Passed...
2016-03-29 21:41:13,384 DEBUG addonpy.py addonpy [at 535 line] Validating addon: 'SiteStatsAddon'
2016-03-29 21:41:13,384 ERROR addonpy.py addonpy [at 541 line]      SiteStatsAddon : Required method: 'template' not found!
2016-03-29 21:41:13,384 ERROR addonpy.py addonpy [at 541 line]      SiteStatsAddon : Required method: 'get_result' not found!
2016-03-29 21:41:13,385 ERROR addonpy.py addonpy [at 541 line] Failed! Unloading addon...
2016-03-29 21:41:13,385 DEBUG addonpy.py addonpy [at 535 line] Total '3' addons found. passed validation: 2 failed validations: 1
2016-03-29 21:48:58,680 INFO application.py application [at 59 line] Starting Application
2016-03-29 21:49:00,572 INFO application.py application [at 59 line] Starting Application
2016-03-29 21:49:52,578 INFO application.py application [at 59 line] Starting Application
2016-03-29 21:49:54,414 INFO application.py application [at 59 line] Starting Application
2016-03-29 21:49:58,841 DEBUG addonpy.py addonpy [at 535 line] Trying to read addonpy config for this project from 'addon-loader.info'
2016-03-29 21:49:58,841 DEBUG addonpy.py addonpy [at 535 line] addon-loader.info file not found/not proper, loading pre-configured addon config
2016-03-29 21:49:58,842 DEBUG addonpy.py addonpy [at 535 line] Recursive addon search is: Off
2016-03-29 21:49:58,843 DEBUG addonpy.py addonpy [at 535 line] Lazy load mode is: Off
2016-03-29 21:49:58,848 WARNING addonpy.py addonpy [at 537 line] Overwriting 'required_functions' with list specified by user
2016-03-29 21:49:58,850 DEBUG addonpy.py addonpy [at 535 line] Searching '/home/ninad/PycharmProjects/zual/dashboard_mods' for addons with extension .info...
2016-03-29 21:50:00,324 DEBUG addonpy.py addonpy [at 535 line] > Addon file '/home/ninad/PycharmProjects/zual/dashboard_mods/ServerAddon.info' found...
2016-03-29 21:50:00,540 DEBUG addonpy.py addonpy [at 535 line] addon loaded: 'ServerAddon'
2016-03-29 21:50:00,540 DEBUG addonpy.py addonpy [at 535 line] > Addon file '/home/ninad/PycharmProjects/zual/dashboard_mods/RedisAddon.info' found...
2016-03-29 21:50:00,584 DEBUG addonpy.py addonpy [at 535 line] addon loaded: 'RedisAddon'
2016-03-29 21:50:00,585 DEBUG addonpy.py addonpy [at 535 line] > Addon file '/home/ninad/PycharmProjects/zual/dashboard_mods/SiteStatsAddon.info' found...
2016-03-29 21:50:00,595 DEBUG addonpy.py addonpy [at 535 line] addon loaded: 'SiteStatsAddon'
2016-03-29 21:50:00,597 DEBUG addonpy.py addonpy [at 535 line] Validating addon: 'SiteStatsAddon'
2016-03-29 21:50:00,597 ERROR addonpy.py addonpy [at 541 line]      SiteStatsAddon : Required method: 'template' not found!
2016-03-29 21:50:00,598 ERROR addonpy.py addonpy [at 541 line]      SiteStatsAddon : Required method: 'get_result' not found!
2016-03-29 21:50:00,599 ERROR addonpy.py addonpy [at 541 line] Failed! Unloading addon...
2016-03-29 21:50:00,599 DEBUG addonpy.py addonpy [at 535 line] Validating addon: 'ServerAddon'
2016-03-29 21:50:00,600 DEBUG addonpy.py addonpy [at 535 line] Passed...
2016-03-29 21:50:00,600 DEBUG addonpy.py addonpy [at 535 line] Validating addon: 'RedisAddon'
2016-03-29 21:50:00,601 DEBUG addonpy.py addonpy [at 535 line] Passed...
2016-03-29 21:50:00,601 DEBUG addonpy.py addonpy [at 535 line] Total '3' addons found. passed validation: 2 failed validations: 1
2016-03-29 21:54:12,406 DEBUG addonpy.py addonpy [at 535 line] Trying to read addonpy config for this project from 'addon-loader.info'
2016-03-29 21:54:12,407 DEBUG addonpy.py addonpy [at 535 line] addon-loader.info file not found/not proper, loading pre-configured addon config
2016-03-29 21:54:12,407 DEBUG addonpy.py addonpy [at 535 line] Recursive addon search is: Off
2016-03-29 21:54:12,408 DEBUG addonpy.py addonpy [at 535 line] Lazy load mode is: Off
2016-03-29 21:54:12,409 WARNING addonpy.py addonpy [at 537 line] Overwriting 'required_functions' with list specified by user
2016-03-29 21:54:12,409 DEBUG addonpy.py addonpy [at 535 line] Searching '/home/ninad/PycharmProjects/zual/dashboard_mods' for addons with extension .info...
2016-03-29 21:54:12,420 DEBUG addonpy.py addonpy [at 535 line] > Addon file '/home/ninad/PycharmProjects/zual/dashboard_mods/ServerAddon.info' found...
2016-03-29 21:54:12,421 DEBUG addonpy.py addonpy [at 535 line] addon loaded: 'ServerAddon'
2016-03-29 21:54:12,422 DEBUG addonpy.py addonpy [at 535 line] > Addon file '/home/ninad/PycharmProjects/zual/dashboard_mods/RedisAddon.info' found...
2016-03-29 21:54:12,424 DEBUG addonpy.py addonpy [at 535 line] addon loaded: 'RedisAddon'
2016-03-29 21:54:12,425 DEBUG addonpy.py addonpy [at 535 line] > Addon file '/home/ninad/PycharmProjects/zual/dashboard_mods/SiteStatsAddon.info' found...
2016-03-29 21:54:12,442 DEBUG addonpy.py addonpy [at 535 line] addon loaded: 'SiteStatsAddon'
2016-03-29 21:54:12,444 DEBUG addonpy.py addonpy [at 535 line] Validating addon: 'SiteStatsAddon'
2016-03-29 21:54:12,446 ERROR addonpy.py addonpy [at 541 line]      SiteStatsAddon : Required method: 'template' not found!
2016-03-29 21:54:12,451 ERROR addonpy.py addonpy [at 541 line]      SiteStatsAddon : Required method: 'get_result' not found!
2016-03-29 21:54:12,451 ERROR addonpy.py addonpy [at 541 line] Failed! Unloading addon...
2016-03-29 21:54:12,452 DEBUG addonpy.py addonpy [at 535 line] Validating addon: 'ServerAddon'
2016-03-29 21:54:12,453 DEBUG addonpy.py addonpy [at 535 line] Passed...
2016-03-29 21:54:12,457 DEBUG addonpy.py addonpy [at 535 line] Validating addon: 'RedisAddon'
2016-03-29 21:54:12,457 DEBUG addonpy.py addonpy [at 535 line] Passed...
2016-03-29 21:54:12,458 DEBUG addonpy.py addonpy [at 535 line] Total '3' addons found. passed validation: 2 failed validations: 1
